<?xml version="1.0" encoding="UTF-8"?>
<robot generator="Robot 5.0.1 (Python 3.9.13 on win32)" generated="20220712 19:24:38.923" rpa="false" schemaversion="3">
<suite id="s1" name="DH" source="C:\Users\julis\Documents\DH\Certified_Tech_Developer\4º Bimestre\Testing I\Aula25_11-07\DH.robot">
<test id="s1-t1" name="Validação das informações do curso de Data Analytics" line="8">
<kw name="Abrir o novo site da Digital House Brasil" library="DH" type="SETUP">
<kw name="Open Browser" library="SeleniumLibrary">
<arg>${SITE}</arg>
<arg>${NAVEGADOR}</arg>
<doc>Opens a new browser instance to the optional ``url``.</doc>
<msg timestamp="20220712 19:24:39.112" level="INFO">Opening browser 'Chrome' to base url 'https://www.digitalhouse.com/br'.</msg>
<status status="PASS" starttime="20220712 19:24:39.112" endtime="20220712 19:24:43.877"/>
</kw>
<kw name="Maximize Browser Window" library="SeleniumLibrary">
<doc>Maximizes current browser window.</doc>
<status status="PASS" starttime="20220712 19:24:43.877" endtime="20220712 19:24:44.005"/>
</kw>
<status status="PASS" starttime="20220712 19:24:39.112" endtime="20220712 19:24:44.006"/>
</kw>
<kw name="Clicar em “Ver outros cursos”" library="DH">
<kw name="Wait and Click" library="DH">
<arg>${OUTROS_CURSOS}</arg>
<kw name="Wait Until Element Is Visible" library="SeleniumLibrary">
<arg>${ELEMENTO}</arg>
<doc>Waits until the element ``locator`` is visible.</doc>
<status status="PASS" starttime="20220712 19:24:44.012" endtime="20220712 19:24:44.078"/>
</kw>
<kw name="Click Element" library="SeleniumLibrary">
<arg>${ELEMENTO}</arg>
<doc>Click the element identified by ``locator``.</doc>
<msg timestamp="20220712 19:24:44.079" level="INFO">Clicking element 'css=#__next &gt; div &gt; main &gt; section &gt; div &gt; div.mt-8.flex.justify-center &gt; div &gt; a'.</msg>
<msg timestamp="20220712 19:24:45.395" level="INFO" html="true">&lt;/td&gt;&lt;/tr&gt;&lt;tr&gt;&lt;td colspan="3"&gt;&lt;a href="selenium-screenshot-11.png"&gt;&lt;img src="selenium-screenshot-11.png" width="800px"&gt;&lt;/a&gt;</msg>
<msg timestamp="20220712 19:24:45.395" level="FAIL">ElementClickInterceptedException: Message: element click intercepted: Element &lt;a href="/br/produtos" class="dh-button-sm bg-black hover:bg-black border border-white"&gt;...&lt;/a&gt; is not clickable at point (674, 583). Other element would receive the click: &lt;iframe style="width: 100%; height: 125px; z-index: 2147483647; border: 0px; position: fixed; left: 0px; bottom: 0px;"&gt;&lt;/iframe&gt;
  (Session info: chrome=103.0.5060.114)
Stacktrace:
Backtrace:
	Ordinal0 [0x00666463+2188387]
	Ordinal0 [0x005FE461+1762401]
	Ordinal0 [0x00513D78+802168]
	Ordinal0 [0x00547F9B+1015707]
	Ordinal0 [0x00545F68+1007464]
	Ordinal0 [0x00543C6B+998507]
	Ordinal0 [0x005429D9+993753]
	Ordinal0 [0x00538613+951827]
	Ordinal0 [0x0055C7DC+1099740]
	Ordinal0 [0x00537FF4+950260]
	Ordinal0 [0x0055C9F4+1100276]
	Ordinal0 [0x0056CC22+1166370]
	Ordinal0 [0x0055C5F6+1099254]
	Ordinal0 [0x00536BE0+945120]
	Ordinal0 [0x00537AD6+948950]
	GetHandleVerifier [0x009071F2+2712546]
	GetHandleVerifier [0x008F886D+2652765]
	GetHandleVerifier [0x006F002A+520730]
	GetHandleVerifier [0x006EEE06+516086]
	Ordinal0 [0x0060468B+1787531]
	Ordinal0 [0x00608E88+1805960]
	Ordinal0 [0x00608F75+1806197]
	Ordinal0 [0x00611DF1+1842673]
	BaseThreadInitThunk [0x756F6739+25]
	RtlGetFullPathName_UEx [0x77878FEF+1215]
	RtlGetFullPathName_UEx [0x77878FBD+1165]
</msg>
<status status="FAIL" starttime="20220712 19:24:44.079" endtime="20220712 19:24:45.413"/>
</kw>
<status status="FAIL" starttime="20220712 19:24:44.010" endtime="20220712 19:24:45.415"/>
</kw>
<status status="FAIL" starttime="20220712 19:24:44.008" endtime="20220712 19:24:45.415"/>
</kw>
<kw name="Selecionar o curso “Data Analytics”" library="DH">
<status status="NOT RUN" starttime="20220712 19:24:45.416" endtime="20220712 19:24:45.416"/>
</kw>
<kw name="Verificar se o texto de chamada do curso está correto" library="DH">
<status status="NOT RUN" starttime="20220712 19:24:45.416" endtime="20220712 19:24:45.416"/>
</kw>
<kw name="Verificar se a descrição do curso está correta" library="DH">
<status status="NOT RUN" starttime="20220712 19:24:45.417" endtime="20220712 19:24:45.417"/>
</kw>
<kw name="Clicar em “Inscreva-se agora&quot;" library="DH">
<status status="NOT RUN" starttime="20220712 19:24:45.417" endtime="20220712 19:24:45.417"/>
</kw>
<kw name="Clicar em “Inscreva-se”" library="DH">
<status status="NOT RUN" starttime="20220712 19:24:45.417" endtime="20220712 19:24:45.417"/>
</kw>
<kw name="Validar que o valor do curso é “R$10.315”" library="DH">
<status status="NOT RUN" starttime="20220712 19:24:45.417" endtime="20220712 19:24:45.417"/>
</kw>
<kw name="Close Browser" library="SeleniumLibrary" type="TEARDOWN">
<doc>Closes the current browser.</doc>
<status status="PASS" starttime="20220712 19:24:45.417" endtime="20220712 19:24:47.659"/>
</kw>
<status status="FAIL" starttime="20220712 19:24:39.111" endtime="20220712 19:24:47.660">ElementClickInterceptedException: Message: element click intercepted: Element &lt;a href="/br/produtos" class="dh-button-sm bg-black hover:bg-black border border-white"&gt;...&lt;/a&gt; is not clickable at point (674, 583). Other element would receive the click: &lt;iframe style="width: 100%; height: 125px; z-index: 2147483647; border: 0px; position: fixed; left: 0px; bottom: 0px;"&gt;&lt;/iframe&gt;
  (Session info: chrome=103.0.5060.114)
Stacktrace:
Backtrace:
	Ordinal0 [0x00666463+2188387]
	Ordinal0 [0x005FE461+1762401]
	Ordinal0 [0x00513D78+802168]
	Ordinal0 [0x00547F9B+1015707]
	Ordinal0 [0x00545F68+1007464]
	Ordinal0 [0x00543C6B+998507]
	Ordinal0 [0x005429D9+993753]
	Ordinal0 [0x00538613+951827]
	Ordinal0 [0x0055C7DC+1099740]
	Ordinal0 [0x00537FF4+950260]
	Ordinal0 [0x0055C9F4+1100276]
	Ordinal0 [0x0056CC22+1166370]
	Ordinal0 [0x0055C5F6+1099254]
	Ordinal0 [0x00536BE0+945120]
	Ordinal0 [0x00537AD6+948950]
	GetHandleVerifier [0x009071F2+2712546]
	GetHandleVerifier [0x008F886D+2652765]
	GetHandleVerifier [0x006F002A+520730]
	GetHandleVerifier [0x006EEE06+516086]
	Ordinal0 [0x0060468B+1787531]
	Ordinal0 [0x00608E88+1805960]
	Ordinal0 [0x00608F75+1806197]
	Ordinal0 [0x00611DF1+1842673]
	BaseThreadInitThunk [0x756F6739+25]
	RtlGetFullPathName_UEx [0x77878FEF+1215]
	RtlGetFullPathName_UEx [0x77878FBD+1165]
</status>
</test>
<status status="FAIL" starttime="20220712 19:24:38.925" endtime="20220712 19:24:47.672"/>
</suite>
<statistics>
<total>
<stat pass="0" fail="1" skip="0">All Tests</stat>
</total>
<tag>
</tag>
<suite>
<stat pass="0" fail="1" skip="0" id="s1" name="DH">DH</stat>
</suite>
</statistics>
<errors>
</errors>
</robot>
