<?xml version="1.0" encoding="UTF-8"?>
<coverage generated="1655862374562" clover="3.2.0">
  <project timestamp="1655862374563" name="All files">
    <metrics statements="15" coveredstatements="9" conditionals="10" coveredconditionals="5" methods="3" coveredmethods="3" elements="28" coveredelements="17" complexity="0" loc="15" ncloc="15" packages="1" files="1" classes="1"/>
    <file name="util.js" path="C:\Users\julis\Documents\DH\Certified_Tech_Developer\4º Bimestre\Testing I\Aula_15\listas\util.js">
      <metrics statements="15" coveredstatements="9" conditionals="10" coveredconditionals="5" methods="3" coveredmethods="3"/>
      <line num="1" count="3" type="stmt"/>
      <line num="3" count="1" type="stmt"/>
      <line num="6" count="3" type="stmt"/>
      <line num="8" count="1" type="stmt"/>
      <line num="9" count="0" type="stmt"/>
      <line num="10" count="0" type="stmt"/>
      <line num="11" count="0" type="stmt"/>
      <line num="14" count="3" type="stmt"/>
      <line num="16" count="1" type="cond" truecount="1" falsecount="1"/>
      <line num="17" count="0" type="stmt"/>
      <line num="19" count="1" type="cond" truecount="2" falsecount="2"/>
      <line num="20" count="0" type="stmt"/>
      <line num="22" count="1" type="cond" truecount="2" falsecount="2"/>
      <line num="23" count="0" type="stmt"/>
      <line num="25" count="1" type="stmt"/>
    </file>
  </project>
</coverage>
