<?xml version="1.0" encoding="UTF-8"?>
<robot generator="Robot 5.0.1 (Python 3.9.13 on win32)" generated="20220706 21:44:33.172" rpa="false" schemaversion="3">
<suite id="s1" name="Juliane" source="C:\Users\julis\Documents\DH\Certified_Tech_Developer\4º Bimestre\Testing I\Aula23_05-07\juliane.robot">
<test id="s1-t1" name="Processo de compra na loja Souce Demo" line="10">
<kw name="Acessar o site" library="juliane">
<kw name="Open Browser" library="SeleniumLibrary">
<arg>${SITE}</arg>
<arg>${NAVEGADOR}</arg>
<doc>Opens a new browser instance to the optional ``url``.</doc>
<msg timestamp="20220706 21:44:33.463" level="INFO">Opening browser 'Chrome' to base url 'https://www.saucedemo.com'.</msg>
<status status="PASS" starttime="20220706 21:44:33.463" endtime="20220706 21:44:38.194"/>
</kw>
<kw name="Maximize Browser Window" library="SeleniumLibrary">
<doc>Maximizes current browser window.</doc>
<status status="PASS" starttime="20220706 21:44:38.194" endtime="20220706 21:44:38.341"/>
</kw>
<status status="PASS" starttime="20220706 21:44:33.462" endtime="20220706 21:44:38.341"/>
</kw>
<kw name="Fazer login" library="juliane">
<kw name="Input Text" library="SeleniumLibrary">
<arg>${CAMPO_USUARIO}</arg>
<arg>${USUARIO}</arg>
<doc>Types the given ``text`` into the text field identified by ``locator``.</doc>
<msg timestamp="20220706 21:44:38.347" level="INFO">Typing text 'standard_user' into text field 'css=#user-name'.</msg>
<status status="PASS" starttime="20220706 21:44:38.346" endtime="20220706 21:44:38.634"/>
</kw>
<kw name="Input Text" library="SeleniumLibrary">
<arg>${CAMPO_SENHA}</arg>
<arg>${SENHA}</arg>
<doc>Types the given ``text`` into the text field identified by ``locator``.</doc>
<msg timestamp="20220706 21:44:38.635" level="INFO">Typing text 'secret_sauce' into text field 'css=#password'.</msg>
<status status="PASS" starttime="20220706 21:44:38.634" endtime="20220706 21:44:38.749"/>
</kw>
<kw name="Click Element" library="SeleniumLibrary">
<arg>${BOTAO_LOGIN}</arg>
<doc>Click the element identified by ``locator``.</doc>
<msg timestamp="20220706 21:44:38.751" level="INFO">Clicking element 'css=#login-button'.</msg>
<status status="PASS" starttime="20220706 21:44:38.750" endtime="20220706 21:44:38.875"/>
</kw>
<status status="PASS" starttime="20220706 21:44:38.345" endtime="20220706 21:44:38.875"/>
</kw>
<kw name="Adiconar um produto ao carrinho" library="juliane">
<kw name="Click Element" library="SeleniumLibrary">
<arg>${ADICONAR_CARRINHO}</arg>
<doc>Click the element identified by ``locator``.</doc>
<msg timestamp="20220706 21:44:38.877" level="INFO">Clicking element 'css=#add-to-cart-sauce-labs-backpack'.</msg>
<status status="PASS" starttime="20220706 21:44:38.877" endtime="20220706 21:44:38.943"/>
</kw>
<status status="PASS" starttime="20220706 21:44:38.876" endtime="20220706 21:44:38.944"/>
</kw>
<kw name="Acessar ao carrinho" library="juliane">
<kw name="Click Element" library="SeleniumLibrary">
<arg>${ACESSAR_CARRINHO}</arg>
<doc>Click the element identified by ``locator``.</doc>
<msg timestamp="20220706 21:44:38.946" level="INFO">Clicking element 'css=#shopping_cart_container &gt; a'.</msg>
<status status="PASS" starttime="20220706 21:44:38.946" endtime="20220706 21:44:39.019"/>
</kw>
<status status="PASS" starttime="20220706 21:44:38.944" endtime="20220706 21:44:39.019"/>
</kw>
<kw name="Clicar em 'Checkout'" library="juliane">
<kw name="Click Element" library="SeleniumLibrary">
<arg>${BOTAO_CHECKOUT}</arg>
<doc>Click the element identified by ``locator``.</doc>
<msg timestamp="20220706 21:44:39.021" level="INFO">Clicking element 'css=#checkout'.</msg>
<status status="PASS" starttime="20220706 21:44:39.021" endtime="20220706 21:44:39.089"/>
</kw>
<status status="PASS" starttime="20220706 21:44:39.020" endtime="20220706 21:44:39.090"/>
</kw>
<kw name="Preencher informações do usuário">
<msg timestamp="20220706 21:44:39.095" level="FAIL">No keyword with name 'Preencher informações do usuário' found. Did you mean:
    juliane.Preencher Informações Do Usuario</msg>
<status status="FAIL" starttime="20220706 21:44:39.095" endtime="20220706 21:44:39.095"/>
</kw>
<kw name="Clicar no botao 'finish'" library="juliane">
<status status="NOT RUN" starttime="20220706 21:44:39.096" endtime="20220706 21:44:39.096"/>
</kw>
<kw name="Close Browser" library="SeleniumLibrary" type="TEARDOWN">
<doc>Closes the current browser.</doc>
<status status="PASS" starttime="20220706 21:44:39.097" endtime="20220706 21:44:41.428"/>
</kw>
<status status="FAIL" starttime="20220706 21:44:33.462" endtime="20220706 21:44:41.429">No keyword with name 'Preencher informações do usuário' found. Did you mean:
    juliane.Preencher Informações Do Usuario</status>
</test>
<status status="FAIL" starttime="20220706 21:44:33.177" endtime="20220706 21:44:41.431"/>
</suite>
<statistics>
<total>
<stat pass="0" fail="1" skip="0">All Tests</stat>
</total>
<tag>
</tag>
<suite>
<stat pass="0" fail="1" skip="0" id="s1" name="Juliane">Juliane</stat>
</suite>
</statistics>
<errors>
<msg timestamp="20220706 21:44:33.459" level="ERROR">Error in file 'C:\Users\julis\Documents\DH\Certified_Tech_Developer\4º Bimestre\Testing I\Aula23_05-07\juliane.resource' on line 20: Setting variable '${MENSAGEM_AGRADECIMENTO} THANK YOU FOR YOUR ORDER' failed: Invalid variable name '${MENSAGEM_AGRADECIMENTO} THANK YOU FOR YOUR ORDER'.</msg>
</errors>
</robot>
