<?xml version="1.0" encoding="UTF-8"?>
<robot generator="Robot 5.0.1 (Python 3.9.13 on win32)" generated="20220712 19:45:12.243" rpa="false" schemaversion="3">
<suite id="s1" name="Juliane" source="C:\Users\julis\Documents\DH\Certified_Tech_Developer\4º Bimestre\Testing I\Aula23_05-07\juliane.robot">
<test id="s1-t1" name="Processo de compra na loja Souce Demo" line="10">
<kw name="Acessar o site" library="juliane">
<kw name="Open Browser" library="SeleniumLibrary">
<arg>${SITE}</arg>
<arg>${NAVEGADOR}</arg>
<doc>Opens a new browser instance to the optional ``url``.</doc>
<msg timestamp="20220712 19:45:13.706" level="INFO">Opening browser 'Chrome' to base url 'https://www.saucedemo.com'.</msg>
<status status="PASS" starttime="20220712 19:45:13.705" endtime="20220712 19:45:19.710"/>
</kw>
<kw name="Maximize Browser Window" library="SeleniumLibrary">
<doc>Maximizes current browser window.</doc>
<status status="PASS" starttime="20220712 19:45:19.710" endtime="20220712 19:45:19.952"/>
</kw>
<status status="PASS" starttime="20220712 19:45:13.704" endtime="20220712 19:45:19.952"/>
</kw>
<kw name="Fazer login" library="juliane">
<kw name="Wait and Input Text" library="juliane">
<arg>${CAMPO_USUARIO}</arg>
<arg>${USUARIO}</arg>
<msg timestamp="20220712 19:45:19.955" level="FAIL">Keyword 'juliane.Wait and Input Text' expected 0 arguments, got 2.</msg>
<status status="FAIL" starttime="20220712 19:45:19.955" endtime="20220712 19:45:19.955"/>
</kw>
<kw name="Wait and Input Text" library="juliane">
<arg>${CAMPO_SENHA}</arg>
<arg>${SENHA}</arg>
<status status="NOT RUN" starttime="20220712 19:45:19.955" endtime="20220712 19:45:19.955"/>
</kw>
<kw name="Wait and Click" library="juliane">
<arg>${BOTAO_LOGIN}</arg>
<status status="NOT RUN" starttime="20220712 19:45:19.956" endtime="20220712 19:45:19.956"/>
</kw>
<status status="FAIL" starttime="20220712 19:45:19.954" endtime="20220712 19:45:19.956"/>
</kw>
<kw name="Adiconar um produto ao carrinho" library="juliane">
<status status="NOT RUN" starttime="20220712 19:45:19.957" endtime="20220712 19:45:19.957"/>
</kw>
<kw name="Acessar ao carrinho" library="juliane">
<status status="NOT RUN" starttime="20220712 19:45:19.957" endtime="20220712 19:45:19.957"/>
</kw>
<kw name="Clicar em 'Checkout'" library="juliane">
<status status="NOT RUN" starttime="20220712 19:45:19.957" endtime="20220712 19:45:19.958"/>
</kw>
<kw name="Preencher informações do usuário" library="juliane">
<status status="NOT RUN" starttime="20220712 19:45:19.958" endtime="20220712 19:45:19.958"/>
</kw>
<kw name="Clicar no botao 'finish'" library="juliane">
<status status="NOT RUN" starttime="20220712 19:45:19.959" endtime="20220712 19:45:19.959"/>
</kw>
<kw name="Close Browser" library="SeleniumLibrary" type="TEARDOWN">
<doc>Closes the current browser.</doc>
<status status="PASS" starttime="20220712 19:45:19.961" endtime="20220712 19:45:22.720"/>
</kw>
<status status="FAIL" starttime="20220712 19:45:13.701" endtime="20220712 19:45:22.734">Keyword 'juliane.Wait and Input Text' expected 0 arguments, got 2.</status>
</test>
<status status="FAIL" starttime="20220712 19:45:12.247" endtime="20220712 19:45:22.737"/>
</suite>
<statistics>
<total>
<stat pass="0" fail="1" skip="0">All Tests</stat>
</total>
<tag>
</tag>
<suite>
<stat pass="0" fail="1" skip="0" id="s1" name="Juliane">Juliane</stat>
</suite>
</statistics>
<errors>
<msg timestamp="20220712 19:45:13.694" level="ERROR">Error in file 'C:\Users\julis\Documents\DH\Certified_Tech_Developer\4º Bimestre\Testing I\Aula23_05-07\juliane.resource' on line 20: Setting variable '${MENSAGEM_AGRADECIMENTO} THANK YOU FOR YOUR ORDER' failed: Invalid variable name '${MENSAGEM_AGRADECIMENTO} THANK YOU FOR YOUR ORDER'.</msg>
<msg timestamp="20220712 19:45:13.696" level="ERROR">Error in file 'C:\Users\julis\Documents\DH\Certified_Tech_Developer\4º Bimestre\Testing I\Aula23_05-07\juliane.resource' on line 77: Creating keyword ' [Arguments]' failed: Keyword with same name defined multiple times.</msg>
</errors>
</robot>
